\BOOKMARK [1][-]{section.1}{\376\377\000C\000a\000l\000i\000b\000r\000a\000t\000i\000o\000n}{}% 1
\BOOKMARK [2][-]{subsection.1.1}{\376\377\000E\000r\000r\000o\000r\000\040\000m\000e\000a\000s\000u\000r\000e}{section.1}% 2
\BOOKMARK [2][-]{subsection.1.2}{\376\377\000C\000a\000l\000i\000b\000r\000a\000t\000i\000o\000n\000\040\000E\000q\000u\000a\000t\000i\000o\000n}{section.1}% 3
\BOOKMARK [2][-]{subsection.1.3}{\376\377\000C\000a\000l\000i\000b\000r\000a\000t\000i\000o\000n\000\040\000A\000l\000g\000o\000r\000i\000t\000h\000m}{section.1}% 4
\BOOKMARK [3][-]{subsubsection.1.3.1}{\376\377\000e\000x\000:\000\040\000W\000r\000i\000t\000e\000\040\000r\000e\000g\000r\000e\000s\000s\000o\000r\000\040\000m\000a\000t\000r\000i\000x\000\040\000f\000r\000o\000m\000\040\000a\000\040\000D\000H\000\040\000t\000a\000b\000l\000e}{subsection.1.3}% 5
\BOOKMARK [3][-]{subsubsection.1.3.2}{\376\377\000e\000x\000:\000\040\000F\000i\000n\000d\000\040\000o\000p\000t\000i\000m\000a\000l\000\040\000l\000i\000n\000k\000\040\000l\000e\000n\000g\000t\000h\000\040\000f\000r\000o\000m\000\040\000p\000o\000s\000i\000t\000i\000o\000n\000s\000\040\000a\000n\000d\000\040\000j\000o\000i\000n\000t\000s}{subsection.1.3}% 6
\BOOKMARK [3][-]{subsubsection.1.3.3}{\376\377\000e\000x\000:\000\040\000T\000h\000e\000o\000r\000e\000t\000i\000c\000a\000l\000\040\000q\000u\000e\000s\000t\000i\000o\000n}{subsection.1.3}% 7
\BOOKMARK [1][-]{section.2}{\376\377\000I\000n\000v\000e\000r\000s\000e\000\040\000K\000i\000n\000e\000m\000a\000t\000i\000c\000s\000\040\000w\000i\000t\000h\000\040\000R\000e\000d\000u\000n\000d\000a\000n\000c\000y}{}% 8
\BOOKMARK [2][-]{subsection.2.1}{\376\377\000W\000h\000i\000c\000h\000\040\000m\000e\000t\000h\000o\000d\000\040\000t\000o\000\040\000c\000h\000o\000o\000s\000e\000?}{section.2}% 9
\BOOKMARK [2][-]{subsection.2.2}{\376\377\000L\000o\000c\000a\000l\000\040\000m\000e\000t\000h\000o\000d\000s}{section.2}% 10
\BOOKMARK [2][-]{subsection.2.3}{\376\377\000J\000a\000c\000o\000b\000i\000a\000n\000-\000b\000a\000s\000e\000d\000\040\000m\000e\000t\000h\000o\000d\000s}{section.2}% 11
\BOOKMARK [3][-]{subsubsection.2.3.1}{\376\377\000P\000s\000e\000u\000d\000o\000-\000i\000n\000v\000e\000r\000s\000e}{subsection.2.3}% 12
\BOOKMARK [3][-]{subsubsection.2.3.2}{\376\377\000W\000e\000i\000g\000h\000t\000e\000d\000\040\000p\000s\000e\000u\000d\000o\000-\000i\000n\000v\000e\000r\000s\000e}{subsection.2.3}% 13
\BOOKMARK [3][-]{subsubsection.2.3.3}{\376\377\000D\000a\000m\000p\000e\000d\000\040\000L\000e\000a\000s\000t\000\040\000S\000q\000u\000a\000r\000e\000\040\000p\000s\000e\000u\000d\000o\000-\000i\000n\000v\000e\000r\000s\000e}{subsection.2.3}% 14
\BOOKMARK [2][-]{subsection.2.4}{\376\377\000N\000u\000l\000l\000-\000s\000p\000a\000c\000e\000\040\000m\000e\000t\000h\000o\000d\000s}{section.2}% 15
\BOOKMARK [3][-]{subsubsection.2.4.1}{\376\377\000P\000r\000o\000j\000e\000c\000t\000e\000d\000\040\000g\000r\000a\000d\000i\000e\000n\000t\000\040\000m\000e\000t\000h\000o\000d}{subsection.2.4}% 16
\BOOKMARK [3][-]{subsubsection.2.4.2}{\376\377\000R\000e\000d\000u\000c\000e\000d\000\040\000g\000r\000a\000d\000i\000e\000n\000t\000\040\000m\000e\000t\000h\000o\000d}{subsection.2.4}% 17
\BOOKMARK [3][-]{subsubsection.2.4.3}{\376\377\000R\000e\000s\000o\000l\000u\000t\000i\000o\000n\000\040\000a\000t\000\040\000a\000c\000c\000e\000l\000e\000r\000a\000t\000i\000o\000n\000\040\000l\000e\000v\000e\000l}{subsection.2.4}% 18
\BOOKMARK [3][-]{subsubsection.2.4.4}{\376\377\000e\000x\000:\000\040\000F\000i\000n\000d\000\040\000t\000h\000e\000\040\000j\000o\000i\000n\000t\000\040\000v\000e\000l\000o\000c\000i\000t\000y\000\040\000t\000h\000a\000t\000\040\000m\000i\000n\000i\000m\000i\000z\000e\000s\000\040\000t\000h\000e\000\040\000H\000r\000a\000n\000g\000e\000\040\000a\000n\000d\000\040\000s\000c\000a\000l\000e\000\040\000i\000t\000\040\000i\000f\000\040\000n\000o\000t\000\040\000f\000e\000a\000s\000i\000b\000l\000e}{subsection.2.4}% 19
\BOOKMARK [3][-]{subsubsection.2.4.5}{\376\377\000e\000x\000:\000\040\000F\000i\000n\000d\000\040\000a\000\040\000s\000o\000l\000u\000t\000i\000o\000n\000\040\000i\000n\000\040\000c\000a\000s\000e\000\040\000o\000f\000\040\000p\000r\000e\000s\000e\000n\000c\000e\000\040\000o\000f\000\040\000t\000a\000s\000k\000\040\000e\000r\000r\000o\000r}{subsection.2.4}% 20
\BOOKMARK [2][-]{subsection.2.5}{\376\377\000T\000a\000s\000k\000\040\000a\000u\000g\000m\000e\000n\000t\000a\000t\000i\000o\000n\000\040\000m\000e\000t\000h\000o\000d\000s}{section.2}% 21
\BOOKMARK [3][-]{subsubsection.2.5.1}{\376\377\000T\000a\000s\000k\000\040\000P\000r\000i\000o\000r\000i\000t\000y}{subsection.2.5}% 22
\BOOKMARK [3][-]{subsubsection.2.5.2}{\376\377\000G\000e\000n\000e\000r\000a\000l\000\040\000r\000e\000c\000u\000r\000s\000i\000v\000e\000\040\000t\000a\000s\000k\000\040\000p\000r\000i\000o\000r\000i\000t\000y\000\040\000f\000o\000r\000m\000u\000l\000a\000t\000i\000o\000n}{subsection.2.5}% 23
\BOOKMARK [3][-]{subsubsection.2.5.3}{\376\377\000e\000x\000:\000\040\000C\000h\000e\000c\000k\000\040\000i\000f\000\040\000t\000h\000e\000\040\000t\000a\000s\000k\000s\000\040\000c\000a\000n\000\040\000b\000e\000\040\000e\000x\000e\000c\000u\000t\000e\000d\000\040\000i\000n\000\040\000p\000a\000r\000a\000l\000l\000e\000l}{subsection.2.5}% 24
\BOOKMARK [2][-]{subsection.2.6}{\376\377\000S\000N\000S\000\040\000m\000e\000t\000h\000o\000d}{section.2}% 25
\BOOKMARK [3][-]{subsubsection.2.6.1}{\376\377\000e\000x\000:\000\040\000F\000i\000n\000d\000\040\000t\000h\000e\000\040\000a\000c\000c\000e\000l\000e\000r\000a\000t\000i\000o\000n\000\040\000c\000o\000m\000m\000a\000n\000d\000\040\000t\000h\000a\000t\000\040\000s\000a\000t\000i\000s\000f\000i\000e\000s\000\040\000t\000h\000e\000\040\000l\000i\000m\000i\000t\000s}{subsection.2.6}% 26
\BOOKMARK [3][-]{subsubsection.2.6.2}{\376\377\000e\000x\000:\000\040\000F\000i\000n\000d\000\040\000t\000h\000e\000\040\000j\000o\000i\000n\000t\000\040\000v\000e\000l\000o\000c\000i\000t\000y\000\040\000t\000h\000a\000t\000\040\000e\000x\000e\000c\000u\000t\000e\000s\000\040\000t\000h\000e\000\040\000t\000a\000s\000k\000\040\000a\000n\000d\000\040\000t\000h\000a\000t\000\040\000s\000a\000t\000i\000s\000f\000i\000e\000s\000\040\000t\000h\000e\000\040\000j\000o\000i\000n\000t\000\040\000v\000e\000l\000o\000c\000i\000t\000i\000e\000s\000\040\000b\000o\000u\000n\000d}{subsection.2.6}% 27
\BOOKMARK [3][-]{subsubsection.2.6.3}{\376\377\000e\000x\000:\000\040\000F\000i\000n\000d\000\040\000t\000h\000e\000\040\000j\000o\000i\000n\000t\000\040\000v\000e\000l\000o\000c\000i\000t\000y\000\040\000w\000i\000t\000h\000\040\000m\000i\000n\000i\000m\000u\000m\000\040\000n\000o\000r\000m\000\040\000t\000h\000a\000t\000\040\000e\000x\000e\000c\000u\000t\000e\000s\000\040\000t\000h\000e\000\040\000t\000a\000s\000k}{subsection.2.6}% 28
\BOOKMARK [1][-]{section.3}{\376\377\000D\000y\000n\000a\000m\000i\000c\000\040\000r\000e\000d\000u\000n\000d\000a\000n\000c\000y\000\040\000r\000e\000s\000o\000l\000u\000t\000i\000o\000n}{}% 29
\BOOKMARK [2][-]{subsection.3.1}{\376\377\000L\000i\000n\000e\000a\000r\000\040\000Q\000u\000a\000d\000r\000a\000t\000i\000c\000\040\000p\000r\000o\000b\000l\000e\000m}{section.3}% 30
\BOOKMARK [3][-]{subsubsection.3.1.1}{\376\377\000S\000t\000a\000n\000d\000a\000r\000d\000\040\000v\000e\000l\000o\000c\000i\000t\000y\000\040\000c\000a\000s\000e}{subsection.3.1}% 31
\BOOKMARK [2][-]{subsection.3.2}{\376\377\000Q\000u\000a\000d\000r\000a\000t\000i\000c\000\040\000p\000r\000o\000g\000r\000a\000m\000m\000i\000n\000g}{section.3}% 32
\BOOKMARK [1][-]{section.4}{\376\377\000D\000y\000n\000a\000m\000i\000c\000\040\000M\000o\000d\000e\000l}{}% 33
\BOOKMARK [1][-]{section.5}{\376\377\000E\000u\000l\000e\000r\000-\000L\000a\000g\000r\000a\000n\000g\000i\000a\000n\000\040\000m\000e\000t\000h\000o\000d}{}% 34
\BOOKMARK [2][-]{subsection.5.1}{\376\377\000E\000u\000l\000e\000r\000\040\000L\000a\000g\000r\000a\000n\000g\000e\000\040\000e\000q\000u\000a\000t\000i\000o\000n}{section.5}% 35
\BOOKMARK [2][-]{subsection.5.2}{\376\377\000D\000y\000n\000a\000m\000i\000c\000\040\000e\000q\000u\000a\000t\000i\000o\000n}{section.5}% 36
\BOOKMARK [3][-]{subsubsection.5.2.1}{\376\377\000e\000x\000:\000\040\000F\000i\000n\000d\000\040\000t\000h\000e\000\040\000d\000y\000n\000a\000m\000i\000c\000\040\000e\000q\000u\000a\000t\000i\000o\000n\000\040\000o\000f\000\040\000t\000h\000e\000\040\000r\000o\000b\000o\000t}{subsection.5.2}% 37
\BOOKMARK [2][-]{subsection.5.3}{\376\377\000I\000n\000e\000r\000t\000i\000a\000\040\000m\000a\000t\000r\000i\000x}{section.5}% 38
\BOOKMARK [3][-]{subsubsection.5.3.1}{\376\377\000P\000r\000o\000p\000e\000r\000t\000i\000e\000s}{subsection.5.3}% 39
\BOOKMARK [3][-]{subsubsection.5.3.2}{\376\377\000S\000t\000a\000n\000d\000a\000r\000d\000\040\000b\000o\000d\000y\000\040\000i\000n\000e\000r\000t\000i\000a\000\040\000m\000a\000t\000r\000i\000x}{subsection.5.3}% 40
\BOOKMARK [3][-]{subsubsection.5.3.3}{\376\377\000e\000x\000:\000\040\000F\000i\000n\000d\000\040\000t\000h\000e\000\040\000i\000n\000e\000r\000t\000i\000a\000\040\000m\000a\000t\000r\000i\000x\000\040\000o\000f\000\040\000a\000\040\000r\000o\000b\000o\000t\000\040\000g\000i\000v\000e\000n\000\040\000t\000h\000e\000\040\000D\000H\000\040\000t\000a\000b\000l\000e\000\040\000a\000n\000d\000\040\000p\000o\000s\000i\000t\000i\000o\000n\000\040\000o\000f\000\040\000C\000o\000M\000s}{subsection.5.3}% 41
\BOOKMARK [3][-]{subsubsection.5.3.4}{\376\377\000e\000x\000:\000\040\000C\000h\000e\000c\000k\000\040\000i\000f\000\040\000a\000\040\000m\000a\000t\000r\000i\000x\000\040\000i\000s\000\040\000a\000n\000\040\000i\000n\000e\000r\000t\000i\000a\000\040\000m\000a\000t\000r\000i\000x}{subsection.5.3}% 42
\BOOKMARK [2][-]{subsection.5.4}{\376\377\000C\000o\000r\000i\000o\000l\000i\000s\000\040\000a\000n\000d\000\040\000c\000e\000n\000t\000r\000i\000f\000u\000g\000a\000l\000\040\000m\000a\000t\000r\000i\000x}{section.5}% 43
\BOOKMARK [2][-]{subsection.5.5}{\376\377\000K\000i\000n\000e\000t\000i\000c\000\040\000E\000n\000e\000r\000g\000y}{section.5}% 44
\BOOKMARK [3][-]{subsubsection.5.5.1}{\376\377\000M\000o\000v\000i\000n\000g\000\040\000f\000r\000a\000m\000e\000s\000\040\000a\000l\000g\000o\000r\000i\000t\000h\000m}{subsection.5.5}% 45
\BOOKMARK [3][-]{subsubsection.5.5.2}{\376\377\000e\000x\000:\000\040\000F\000i\000n\000d\000\040\000t\000h\000e\000\040\000k\000i\000n\000e\000t\000i\000c\000\040\000e\000n\000e\000r\000g\000y\000\040\000o\000f\000\040\000a\000\040\000r\000o\000b\000o\000t}{subsection.5.5}% 46
\BOOKMARK [2][-]{subsection.5.6}{\376\377\000P\000o\000t\000e\000n\000t\000i\000a\000l\000\040\000E\000n\000e\000r\000g\000y}{section.5}% 47
\BOOKMARK [3][-]{subsubsection.5.6.1}{\376\377\000e\000x\000:\000\040\000D\000e\000f\000i\000n\000e\000\040\000s\000u\000i\000t\000a\000b\000l\000e\000\040\000r\000e\000l\000a\000t\000i\000o\000n\000s\000\040\000b\000e\000t\000w\000e\000e\000n\000\040\000t\000h\000e\000\040\000l\000i\000n\000k\000\040\000m\000a\000s\000s\000e\000s\000,\000\040\000l\000e\000n\000g\000t\000h\000s\000,\000\040\000a\000n\000d\000\040\000C\000o\000M\000\040\000p\000o\000s\000i\000t\000i\000o\000n\000\040\000g\000i\000v\000e\000n\000\040\000a\000n\000\040\000e\000x\000p\000e\000c\000t\000e\000d\000\040\000g\000r\000a\000v\000i\000t\000y\000\040\000t\000e\000r\000m}{subsection.5.6}% 48
\BOOKMARK [3][-]{subsubsection.5.6.2}{\376\377\000e\000x\000:\000\040\000D\000e\000f\000i\000n\000e\000\040\000a\000\040\000t\000i\000g\000h\000t\000\040\000b\000o\000u\000n\000d\000\040\000o\000n\000\040\000t\000h\000e\000\040\000n\000o\000r\000m\000\040\000o\000f\000\040\000t\000h\000e\000\040\000s\000q\000u\000a\000r\000e\000\040\000m\000a\000t\000r\000i\000x\000\040\000g\000q}{subsection.5.6}% 49
\BOOKMARK [2][-]{subsection.5.7}{\376\377\000E\000n\000e\000r\000g\000y\000\040\000C\000o\000n\000s\000e\000r\000v\000a\000t\000i\000o\000n}{section.5}% 50
\BOOKMARK [2][-]{subsection.5.8}{\376\377\000A\000d\000d\000i\000t\000i\000o\000n\000a\000l\000\040\000d\000y\000n\000a\000m\000i\000c\000\040\000t\000e\000r\000m\000s}{section.5}% 51
\BOOKMARK [3][-]{subsubsection.5.8.1}{\376\377\000F\000r\000i\000c\000t\000i\000o\000n\000\040\000t\000o\000r\000q\000u\000e}{subsection.5.8}% 52
\BOOKMARK [3][-]{subsubsection.5.8.2}{\376\377\000E\000l\000e\000c\000t\000r\000i\000c\000a\000l\000\040\000m\000o\000t\000o\000r\000s}{subsection.5.8}% 53
\BOOKMARK [3][-]{subsubsection.5.8.3}{\376\377\000C\000o\000m\000p\000l\000e\000t\000e\000\040\000d\000y\000n\000a\000m\000i\000c\000\040\000m\000o\000d\000e\000l}{subsection.5.8}% 54
\BOOKMARK [2][-]{subsection.5.9}{\376\377\000S\000t\000r\000u\000c\000t\000u\000r\000a\000l\000\040\000p\000r\000o\000p\000e\000r\000t\000i\000e\000s\000\040\000i\000n\000\040\000d\000y\000n\000a\000m\000i\000c\000\040\000m\000o\000d\000e\000l\000s}{section.5}% 55
\BOOKMARK [3][-]{subsubsection.5.9.1}{\376\377\000e\000x\000:\000\040\000F\000i\000n\000d\000\040\000m\000a\000t\000r\000i\000x\000\040\000S\000\040\000t\000h\000a\000t\000\040\000s\000a\000t\000i\000s\000f\000i\000e\000s\000\040\000\050\000q\000\051\000-\0002\000S\000\050\000q\000,\000\051\000,\000\040\000c\000h\000e\000c\000k\000i\000n\000g\000\040\000i\000f\000\040\000i\000t\000'\000s\000\040\000s\000k\000e\000w\000\040\000s\000y\000m\000m\000e\000t\000r\000i\000c}{subsection.5.9}% 56
\BOOKMARK [3][-]{subsubsection.5.9.2}{\376\377\000e\000x\000:\000\040\000F\000i\000n\000d\000\040\000a\000\040\000d\000i\000f\000f\000e\000r\000e\000n\000t\000\040\000\050\000n\000o\000n\000\040\000s\000t\000a\000n\000d\000a\000r\000d\000\051\000\040\000S\000k\000e\000w\000\040\000s\000y\000m\000m\000e\000t\000r\000i\000c\000\040\000m\000a\000t\000r\000i\000x\000\040\000S\000'\000\040\000t\000h\000a\000t\000\040\000s\000a\000t\000i\000s\000f\000i\000e\000s\000\040\000\050\000q\000\051\000-\0002\000S\000'\000\050\000q\000,\000\051\000\040\000a\000n\000d\000\040\000a\000\040\000m\000a\000t\000r\000i\000x\000\040\000S\000'\000'\000\040\000t\000h\000a\000t\000\040\000d\000o\000e\000s\000\040\000n\000o\000t\000\040\000s\000a\000t\000i\000s\000f\000y\000\040\000t\000h\000e\000\040\000p\000r\000o\000p\000e\000r\000t\000y}{subsection.5.9}% 57
\BOOKMARK [1][-]{section.6}{\376\377\000L\000i\000n\000e\000a\000r\000\040\000p\000a\000r\000a\000m\000e\000t\000r\000i\000z\000a\000t\000i\000o\000n\000\040\000o\000f\000\040\000t\000h\000e\000\040\000d\000y\000n\000a\000m\000i\000c\000\040\000m\000o\000d\000e\000l}{}% 58
\BOOKMARK [2][-]{subsection.6.1}{\376\377\000M\000i\000n\000i\000m\000a\000l\000\040\000p\000a\000r\000a\000m\000e\000t\000r\000i\000z\000a\000t\000i\000o\000n}{section.6}% 59
\BOOKMARK [3][-]{subsubsection.6.1.1}{\376\377\000e\000x\000:\000\040\000F\000i\000n\000d\000\040\000t\000h\000e\000\040\000r\000e\000g\000r\000e\000s\000s\000o\000r\000\040\000m\000a\000t\000r\000i\000x\000\040\000Y\000\040\000f\000o\000r\000\040\000a\000\040\000p\000a\000r\000a\000m\000e\000t\000r\000i\000z\000e\000d\000\040\000m\000a\000t\000r\000i\000x\000\040\000M\000\040\000s\000u\000c\000h\000\040\000t\000h\000a\000t\000\040\000M\000=\000Y\000a}{subsection.6.1}% 60
\BOOKMARK [1][-]{section.7}{\376\377\000N\000e\000w\000t\000o\000n\000-\000E\000u\000l\000e\000r\000\040\000m\000e\000t\000h\000o\000d}{}% 61
\BOOKMARK [2][-]{subsection.7.1}{\376\377\000N\000e\000w\000t\000o\000n\000\040\000a\000n\000d\000\040\000E\000u\000l\000e\000r\000\040\000e\000q\000u\000a\000t\000i\000o\000n\000s}{section.7}% 62
\BOOKMARK [3][-]{subsubsection.7.1.1}{\376\377\000N\000e\000w\000t\000o\000n\000\040\000e\000q\000u\000a\000t\000i\000o\000n}{subsection.7.1}% 63
\BOOKMARK [3][-]{subsubsection.7.1.2}{\376\377\000E\000u\000l\000e\000r\000\040\000e\000q\000u\000a\000t\000i\000o\000n}{subsection.7.1}% 64
\BOOKMARK [2][-]{subsection.7.2}{\376\377\000R\000e\000c\000u\000r\000s\000i\000v\000e\000\040\000N\000e\000w\000t\000o\000n\000-\000E\000u\000l\000e\000r\000\040\000a\000l\000g\000o\000r\000i\000t\000h\000m}{section.7}% 65
\BOOKMARK [3][-]{subsubsection.7.2.1}{\376\377\000I\000n\000i\000t\000i\000a\000l\000i\000z\000a\000t\000i\000o\000n}{subsection.7.2}% 66
\BOOKMARK [3][-]{subsubsection.7.2.2}{\376\377\000F\000o\000r\000w\000a\000r\000d\000\040\000r\000e\000c\000u\000r\000s\000i\000o\000n}{subsection.7.2}% 67
\BOOKMARK [3][-]{subsubsection.7.2.3}{\376\377\000B\000a\000c\000k\000w\000a\000r\000d\000\040\000r\000e\000c\000u\000r\000s\000i\000o\000n}{subsection.7.2}% 68
\BOOKMARK [3][-]{subsubsection.7.2.4}{\376\377\000G\000e\000n\000e\000r\000a\000l\000i\000z\000e\000d\000\040\000f\000o\000r\000c\000e\000s}{subsection.7.2}% 69
\BOOKMARK [2][-]{subsection.7.3}{\376\377\000O\000u\000t\000p\000u\000t\000\040\000e\000x\000a\000m\000p\000l\000e\000s}{section.7}% 70
\BOOKMARK [1][-]{section.8}{\376\377\000B\000a\000s\000i\000c\000\040\000c\000o\000n\000t\000r\000o\000l}{}% 71
\BOOKMARK [2][-]{subsection.8.1}{\376\377\000C\000o\000n\000t\000r\000o\000l\000\040\000n\000o\000t\000a\000t\000i\000o\000n}{section.8}% 72
\BOOKMARK [2][-]{subsection.8.2}{\376\377\000E\000q\000u\000i\000l\000i\000b\000r\000i\000u\000m}{section.8}% 73
\BOOKMARK [2][-]{subsection.8.3}{\376\377\000S\000t\000a\000b\000i\000l\000i\000t\000y\000\040\000o\000f\000\040\000d\000y\000n\000a\000m\000i\000c\000a\000l\000\040\000s\000y\000s\000t\000e\000m\000s}{section.8}% 74
\BOOKMARK [3][-]{subsubsection.8.3.1}{\376\377\000A\000s\000y\000m\000p\000t\000o\000t\000i\000c\000\040\000s\000t\000a\000b\000i\000l\000i\000t\000y}{subsection.8.3}% 75
\BOOKMARK [3][-]{subsubsection.8.3.2}{\376\377\000E\000x\000p\000o\000n\000e\000n\000t\000i\000a\000l\000\040\000s\000t\000a\000b\000i\000l\000i\000t\000y}{subsection.8.3}% 76
\BOOKMARK [2][-]{subsection.8.4}{\376\377\000L\000y\000a\000p\000u\000n\000o\000v\000\040\000s\000t\000a\000b\000i\000l\000i\000t\000y}{section.8}% 77
\BOOKMARK [3][-]{subsubsection.8.4.1}{\376\377\000L\000y\000a\000p\000u\000n\000o\000v\000\040\000c\000a\000n\000d\000i\000d\000a\000t\000e}{subsection.8.4}% 78
\BOOKMARK [3][-]{subsubsection.8.4.2}{\376\377\000e\000x\000:\000\040\000W\000r\000i\000t\000e\000\040\000t\000h\000e\000\040\000L\000y\000a\000p\000u\000n\000o\000v\000\040\000c\000a\000n\000d\000i\000d\000a\000t\000e\000\040\000g\000i\000v\000e\000n\000\040\000a\000\040\000d\000y\000n\000a\000m\000i\000c\000\040\000m\000o\000d\000e\000l\000\040\000a\000n\000d\000\040\000a\000\040\000c\000o\000n\000t\000r\000o\000l\000\040\000l\000a\000w}{subsection.8.4}% 79
\BOOKMARK [3][-]{subsubsection.8.4.3}{\376\377\000L\000y\000a\000p\000u\000n\000o\000v\000\040\000s\000t\000a\000b\000i\000l\000i\000t\000y}{subsection.8.4}% 80
\BOOKMARK [2][-]{subsection.8.5}{\376\377\000L\000a\000S\000a\000l\000l\000e\000\040\000T\000h\000e\000o\000r\000e\000m}{section.8}% 81
\BOOKMARK [2][-]{subsection.8.6}{\376\377\000S\000t\000a\000b\000i\000l\000i\000t\000y\000\040\000o\000f\000\040\000d\000y\000n\000a\000m\000i\000c\000a\000l\000\040\000s\000y\000s\000t\000e\000m\000s}{section.8}% 82
\BOOKMARK [3][-]{subsubsection.8.6.1}{\376\377\000B\000a\000r\000b\000a\000l\000a\000t\000\040\000L\000e\000m\000m\000a}{subsection.8.6}% 83
\BOOKMARK [3][-]{subsubsection.8.6.2}{\376\377\000e\000x\000:\000\040\000V\000e\000r\000i\000f\000y\000\040\000t\000h\000e\000\040\000u\000n\000i\000q\000u\000e\000\040\000a\000s\000y\000m\000p\000t\000o\000t\000i\000c\000\040\000s\000t\000a\000b\000i\000l\000i\000t\000y\000\040\000o\000f\000\040\000a\000\040\000c\000l\000o\000s\000e\000d\000\040\000l\000o\000o\000p\000\040\000s\000y\000s\000t\000e\000m\000\040\000i\000n\000\040\000a\000\040\000g\000i\000v\000e\000n\000\040\000e\000q\000u\000i\000l\000i\000b\000r\000i\000u\000m}{subsection.8.6}% 84
\BOOKMARK [3][-]{subsubsection.8.6.3}{\376\377\000e\000x\000:\000\040\000F\000i\000n\000d\000\040\000t\000h\000e\000\040\000u\000n\000i\000q\000u\000e\000\040\000e\000q\000u\000i\000l\000i\000b\000r\000i\000u\000m\000\040\000s\000t\000a\000t\000e\000\040\000f\000o\000r\000\040\000t\000h\000e\000\040\000c\000l\000o\000s\000e\000d\000-\000l\000o\000o\000p\000\040\000s\000y\000s\000t\000e\000m\000\040\000u\000n\000d\000e\000r\000\040\000a\000\040\000g\000i\000v\000e\000n\000\040\000c\000o\000n\000t\000r\000o\000l}{subsection.8.6}% 85
\BOOKMARK [1][-]{section.9}{\376\377\000W\000h\000i\000c\000h\000\040\000c\000o\000n\000t\000r\000o\000l\000\040\000l\000a\000w\000?}{}% 86
\BOOKMARK [1][-]{section.10}{\376\377\000P\000D\000\040\000c\000o\000n\000t\000r\000o\000l}{}% 87
\BOOKMARK [2][-]{subsubsection.10.0.1}{\376\377\000T\000h\000.\0001}{section.10}% 88
\BOOKMARK [2][-]{subsection.10.1}{\376\377\000P\000D\000\040\000c\000o\000n\000t\000r\000o\000l\000\040\000w\000i\000t\000h\000\040\000g\000r\000a\000v\000i\000t\000y\000\040\000c\000o\000m\000p\000e\000n\000s\000a\000t\000i\000o\000n}{section.10}% 89
\BOOKMARK [3][-]{subsubsection.10.1.1}{\376\377\000T\000h\000.\0002}{subsection.10.1}% 90
\BOOKMARK [2][-]{subsection.10.2}{\376\377\000A\000p\000p\000r\000o\000x\000i\000m\000a\000t\000e\000\040\000g\000r\000a\000v\000i\000t\000y\000\040\000c\000o\000m\000p\000e\000n\000s\000a\000t\000i\000o\000n}{section.10}% 91
\BOOKMARK [3][-]{subsubsection.10.2.1}{\376\377\000e\000x\000:\000\040\000f\000i\000n\000d\000\040\000t\000h\000e\000\040\000m\000i\000n\000i\000m\000u\000m\000\040\000v\000a\000l\000u\000e\000s\000\040\000o\000f\000\040\000t\000h\000e\000\040\000g\000a\000i\000n\000s\000\040\000f\000o\000r\000\040\000a\000\040\000P\000D\000\040\000c\000o\000n\000t\000r\000o\000l\000\040\000w\000i\000t\000h\000\040\000g\000r\000a\000v\000i\000t\000y\000\040\000c\000o\000m\000p\000e\000n\000s\000a\000t\000i\000o\000n}{subsection.10.2}% 92
\BOOKMARK [1][-]{section.11}{\376\377\000P\000I\000D\000\040\000c\000o\000n\000t\000r\000o\000l}{}% 93
\BOOKMARK [2][-]{subsection.11.1}{\376\377\000S\000a\000t\000u\000r\000a\000t\000e\000d\000\040\000P\000I\000D\000\040\000c\000o\000n\000t\000r\000o\000l}{section.11}% 94
\BOOKMARK [1][-]{section.12}{\376\377\000I\000t\000e\000r\000a\000t\000i\000v\000e\000\040\000L\000e\000a\000r\000n\000i\000n\000g\000\040\000f\000o\000r\000\040\000g\000r\000a\000v\000i\000t\000y\000\040\000c\000o\000m\000p\000e\000n\000s\000a\000t\000i\000o\000n}{}% 95
\BOOKMARK [2][-]{subsubsection.12.0.1}{\376\377\000T\000h\000.\0003}{section.12}% 96
\BOOKMARK [1][-]{section.13}{\376\377\000T\000r\000a\000j\000e\000c\000t\000o\000r\000y\000\040\000t\000r\000a\000c\000k\000i\000n\000g\000\040\000c\000o\000n\000t\000r\000o\000l}{}% 97
\BOOKMARK [2][-]{subsection.13.1}{\376\377\000I\000n\000v\000e\000r\000s\000e\000\040\000D\000y\000n\000a\000m\000i\000c\000\040\000c\000o\000n\000t\000r\000o\000l}{section.13}% 98
\BOOKMARK [2][-]{subsection.13.2}{\376\377\000T\000r\000a\000j\000e\000c\000t\000o\000r\000y\000\040\000c\000o\000n\000t\000r\000o\000l\000l\000e\000r\000s}{section.13}% 99
\BOOKMARK [3][-]{subsubsection.13.2.1}{\376\377\000F\000e\000e\000d\000b\000a\000c\000k\000\040\000l\000i\000n\000e\000a\000r\000i\000z\000a\000t\000i\000o\000n}{subsection.13.2}% 100
\BOOKMARK [3][-]{subsubsection.13.2.2}{\376\377\000R\000e\000m\000a\000r\000k\000s}{subsection.13.2}% 101
\BOOKMARK [2][-]{subsection.13.3}{\376\377\000A\000l\000t\000e\000r\000n\000a\000t\000i\000v\000e\000\040\000g\000l\000o\000b\000a\000l\000\040\000t\000r\000a\000j\000e\000c\000t\000o\000r\000y\000\040\000c\000o\000n\000t\000r\000o\000l\000l\000e\000r}{section.13}% 102
\BOOKMARK [2][-]{subsection.13.4}{\376\377\000R\000e\000g\000u\000l\000a\000t\000i\000o\000n\000\040\000s\000p\000e\000c\000i\000a\000l\000\040\000c\000a\000s\000e}{section.13}% 103
\BOOKMARK [2][-]{subsection.13.5}{\376\377\000R\000e\000p\000e\000t\000i\000t\000i\000v\000e\000\040\000m\000o\000t\000i\000o\000n\000\040\000t\000a\000s\000k\000s}{section.13}% 104
\BOOKMARK [2][-]{subsection.13.6}{\376\377\000A\000p\000p\000l\000i\000c\000a\000t\000i\000o\000n\000\040\000t\000o\000\040\000r\000o\000b\000o\000t\000s}{section.13}% 105
\BOOKMARK [3][-]{subsubsection.13.6.1}{\376\377\000C\000o\000n\000t\000r\000o\000l\000\040\000w\000i\000t\000h\000\040\000a\000p\000p\000r\000o\000x\000i\000m\000a\000t\000e\000\040\000f\000e\000e\000d\000b\000a\000c\000k\000\040\000l\000i\000n\000e\000a\000r\000i\000z\000a\000t\000i\000o\000n}{subsection.13.6}% 106
\BOOKMARK [3][-]{subsubsection.13.6.2}{\376\377\000e\000x\000:\000\040\000A\000c\000h\000i\000e\000v\000e\000\040\000g\000l\000o\000b\000a\000l\000\040\000e\000x\000p\000o\000n\000e\000n\000t\000i\000a\000l\000\040\000s\000t\000a\000b\000i\000l\000i\000z\000a\000t\000i\000o\000n\000\040\000w\000i\000t\000h\000\040\000d\000e\000c\000o\000u\000p\000l\000e\000d\000\040\000t\000r\000a\000n\000s\000i\000e\000n\000t\000\040\000e\000v\000o\000l\000u\000t\000i\000o\000n\000\040\000o\000f\000\040\000p\000o\000s\000i\000t\000i\000o\000n\000s\000\040\000e\000r\000r\000o\000r\000s\000\040\000e\000\050\000q\000,\000t\000\051}{subsection.13.6}% 107
\BOOKMARK [3][-]{subsubsection.13.6.3}{\376\377\000e\000x\000:\000\040\000S\000o\000l\000v\000e\000\040\000t\000h\000e\000\040\000i\000n\000v\000e\000r\000s\000e\000\040\000d\000y\000n\000a\000m\000i\000c\000s\000\040\000f\000o\000r\000\040\000a\000\040\000d\000e\000s\000i\000r\000e\000d\000\040\000t\000r\000a\000j\000e\000c\000t\000o\000r\000y\000\040\000q\000d\000\050\000t\000\051}{subsection.13.6}% 108
\BOOKMARK [1][-]{section.14}{\376\377\000A\000d\000a\000p\000t\000i\000v\000e\000\040\000c\000o\000n\000t\000r\000o\000l}{}% 109
\BOOKMARK [2][-]{subsection.14.1}{\376\377\000A\000d\000a\000p\000t\000i\000v\000e\000\040\000C\000o\000n\000t\000r\000o\000l\000\040\000L\000a\000w}{section.14}% 110
\BOOKMARK [2][-]{subsection.14.2}{\376\377\000T\000h\000.\0004}{section.14}% 111
\BOOKMARK [3][-]{subsubsection.14.2.1}{\376\377\000P\000r\000o\000p\000e\000r\000t\000i\000e\000s}{subsection.14.2}% 112
\BOOKMARK [2][-]{subsection.14.3}{\376\377\000A\000d\000a\000p\000t\000i\000v\000e\000\040\000r\000e\000g\000u\000l\000a\000t\000i\000o\000n}{section.14}% 113
\BOOKMARK [3][-]{subsubsection.14.3.1}{\376\377\000e\000x\000:\000\040\000H\000o\000w\000\040\000m\000a\000n\000y\000\040\000s\000t\000a\000t\000e\000s\000\040\000h\000a\000s\000\040\000t\000h\000e\000\040\000a\000d\000a\000p\000t\000i\000v\000e\000\040\000d\000y\000n\000a\000m\000i\000c\000\040\000c\000o\000n\000t\000r\000o\000l\000l\000e\000r\000?}{subsection.14.3}% 114
\BOOKMARK [3][-]{subsubsection.14.3.2}{\376\377\000e\000x\000:\000\040\000F\000i\000n\000d\000\040\000t\000h\000e\000\040\000a\000d\000a\000p\000t\000i\000v\000e\000\040\000c\000o\000n\000t\000r\000o\000l\000\040\000l\000a\000w\000\040\000t\000h\000a\000t\000\040\000o\000b\000t\000a\000i\000n\000s\000\040\000g\000l\000o\000b\000a\000l\000\040\000a\000s\000y\000m\000p\000t\000o\000t\000i\000c\000\040\000t\000r\000a\000c\000k\000i\000n\000g\000\040\000o\000f\000\040\000a\000\040\000t\000r\000a\000j\000e\000c\000t\000o\000r\000y\000\040\000q\000d\000\050\000t\000\051}{subsection.14.3}% 115
\BOOKMARK [3][-]{subsubsection.14.3.3}{\376\377\000e\000x\000:\000\040\000F\000i\000n\000d\000\040\000t\000h\000e\000\040\000r\000e\000d\000u\000c\000e\000d\000\040\000s\000t\000a\000t\000e\000s\000\040\000a\000d\000a\000p\000t\000i\000v\000e\000\040\000c\000o\000n\000t\000r\000o\000l\000\040\000l\000a\000w\000\040\000t\000h\000a\000t\000\040\000o\000b\000t\000a\000i\000n\000s\000\040\000g\000l\000o\000b\000a\000l\000\040\000a\000s\000y\000m\000p\000t\000o\000t\000i\000c\000\040\000t\000r\000a\000c\000k\000i\000n\000g\000\040\000o\000f\000\040\000a\000\040\000t\000r\000a\000j\000e\000c\000t\000o\000r\000y\000\040\000q\000d\000\050\000t\000\051\000\040\000a\000s\000s\000u\000m\000i\000n\000g\000\040\000d\000y\000n\000a\000m\000i\000c\000\040\000c\000o\000e\000f\000f\000i\000c\000i\000e\000n\000t\000s\000\040\000a\000m\000\040\000a\000r\000e\000\040\000k\000n\000o\000w\000n}{subsection.14.3}% 116
\BOOKMARK [1][-]{section.15}{\376\377\000C\000a\000r\000t\000e\000s\000i\000a\000n\000\040\000c\000o\000n\000t\000r\000o\000l}{}% 117
\BOOKMARK [2][-]{subsection.15.1}{\376\377\000T\000h\000.\0005}{section.15}% 118
\BOOKMARK [2][-]{subsection.15.2}{\376\377\000C\000o\000r\000o\000l\000l\000a\000r\000y}{section.15}% 119
\BOOKMARK [2][-]{subsection.15.3}{\376\377\000C\000a\000r\000t\000e\000s\000i\000a\000n\000\040\000c\000o\000n\000t\000r\000o\000l\000\040\000v\000a\000r\000i\000a\000n\000t}{section.15}% 120
\BOOKMARK [2][-]{subsection.15.4}{\376\377\000F\000e\000e\000d\000b\000a\000c\000k\000\040\000l\000i\000n\000e\000a\000r\000i\000z\000a\000t\000i\000o\000n\000\040\000i\000n\000\040\000C\000a\000r\000t\000e\000s\000i\000a\000n\000\040\000s\000p\000a\000c\000e}{section.15}% 121
\BOOKMARK [3][-]{subsubsection.15.4.1}{\376\377\000T\000h\000.\0006}{subsection.15.4}% 122
\BOOKMARK [3][-]{subsubsection.15.4.2}{\376\377\000L\000i\000n\000e\000a\000r\000i\000z\000a\000t\000i\000o\000n\000\040\000i\000n\000\040\000r\000i\000g\000h\000t\000\040\000c\000o\000o\000r\000d\000i\000n\000a\000t\000e\000s}{subsection.15.4}% 123
\BOOKMARK [3][-]{subsubsection.15.4.3}{\376\377\000e\000x\000:\000\040\000F\000i\000n\000d\000\040\000a\000\040\000r\000o\000b\000o\000t\000\040\000c\000o\000n\000f\000i\000g\000u\000r\000a\000t\000i\000o\000n\000\040\000q\000\040\000a\000n\000d\000\040\000c\000o\000n\000s\000e\000q\000u\000e\000n\000t\000\040\000p\000\040\000\050\000t\000h\000a\000t\000\040\000i\000s\000\040\000n\000o\000t\000\040\000p\000d\000\051\000\040\000s\000u\000c\000h\000\040\000t\000h\000a\000t\000\040\000t\000h\000e\000\040\000r\000o\000b\000o\000t\000\040\000w\000i\000l\000l\000\040\000n\000o\000t\000\040\000m\000o\000v\000e\000\040\000w\000h\000e\000n\000\040\000a\000t\000\040\000r\000e\000s\000t\000\040\000i\000n\000\040\000q}{subsection.15.4}% 124
\BOOKMARK [1][-]{section.16}{\376\377\000R\000o\000b\000o\000t\000\040\000i\000n\000t\000e\000r\000a\000c\000t\000i\000o\000n\000\040\000w\000i\000t\000h\000\040\000t\000h\000e\000\040\000e\000n\000v\000i\000r\000o\000n\000m\000e\000n\000t}{}% 125
\BOOKMARK [2][-]{subsection.16.1}{\376\377\000W\000h\000i\000c\000h\000\040\000t\000y\000p\000e\000\040\000o\000f\000\040\000c\000o\000n\000t\000r\000o\000l\000\040\000l\000a\000w\000?}{section.16}% 126
\BOOKMARK [2][-]{subsection.16.2}{\376\377\000R\000o\000b\000o\000t\000\040\000c\000o\000m\000p\000l\000i\000a\000n\000c\000e}{section.16}% 127
\BOOKMARK [2][-]{subsection.16.3}{\376\377\000I\000d\000e\000a\000l\000l\000y\000\040\000c\000o\000n\000s\000t\000r\000a\000i\000n\000e\000d\000\040\000c\000o\000n\000t\000a\000c\000t}{section.16}% 128
\BOOKMARK [2][-]{subsection.16.4}{\376\377\000C\000o\000n\000s\000t\000r\000a\000i\000n\000e\000d\000\040\000r\000o\000b\000o\000t\000\040\000d\000y\000n\000a\000m\000i\000c\000s}{section.16}% 129
\BOOKMARK [2][-]{subsection.16.5}{\376\377\000R\000e\000d\000u\000c\000e\000d\000\040\000r\000o\000b\000o\000t\000\040\000d\000y\000n\000a\000m\000i\000c\000s}{section.16}% 130
\BOOKMARK [1][-]{section.17}{\376\377\000I\000m\000p\000e\000d\000a\000n\000c\000e\000\040\000c\000o\000n\000t\000r\000o\000l}{}% 131
\BOOKMARK [2][-]{subsection.17.1}{\376\377\000D\000y\000n\000a\000m\000i\000c\000\040\000m\000o\000d\000e\000l\000\040\000i\000n\000\040\000C\000a\000r\000t\000e\000s\000i\000a\000n\000\040\000c\000o\000o\000r\000d\000i\000n\000a\000t\000e\000s}{section.17}% 132
\BOOKMARK [2][-]{subsection.17.2}{\376\377\000D\000e\000s\000i\000g\000n\000\040\000o\000f\000\040\000t\000h\000e\000\040\000c\000o\000n\000t\000r\000o\000l\000\040\000l\000a\000w}{section.17}% 133
\BOOKMARK [3][-]{subsubsection.17.2.1}{\376\377\000C\000o\000n\000t\000r\000o\000l\000\040\000l\000a\000w\000\040\000i\000n\000\040\000j\000o\000i\000n\000t\000\040\000c\000o\000o\000r\000d\000i\000n\000a\000t\000e\000s}{subsection.17.2}% 134
\BOOKMARK [3][-]{subsubsection.17.2.2}{\376\377\000S\000i\000m\000p\000l\000i\000f\000i\000c\000a\000t\000i\000o\000n\000s}{subsection.17.2}% 135
\BOOKMARK [2][-]{subsection.17.3}{\376\377\000G\000e\000n\000e\000r\000a\000l\000\040\000c\000a\000s\000e\000\040\000F\000r\000\040\000=\0000}{section.17}% 136
\BOOKMARK [3][-]{subsubsection.17.3.1}{\376\377\000E\000q\000u\000i\000v\000a\000l\000e\000n\000c\000e\000\040\000w\000i\000t\000h\000\040\000R\000C\000C\000\040\000d\000e\000v\000i\000c\000e}{subsection.17.3}% 137
\BOOKMARK [3][-]{subsubsection.17.3.2}{\376\377\000e\000x\000:\000\040\000C\000h\000e\000c\000k\000\040\000t\000h\000a\000t\000\040\000t\000h\000e\000\040\000t\000i\000p\000\040\000a\000c\000c\000e\000l\000e\000r\000a\000t\000i\000o\000n\000\040\000h\000a\000s\000\040\000t\000h\000e\000\040\000s\000a\000m\000e\000\040\000d\000i\000r\000e\000c\000t\000i\000o\000n\000\040\000o\000f\000\040\000a\000n\000y\000\040\000f\000o\000r\000c\000e\000\040\000F\000\040\000i\000n\000\040\000t\000h\000e\000\040\000p\000l\000a\000n\000e\000\040\000a\000p\000p\000l\000i\000e\000d\000\040\000t\000o\000\040\000t\000h\000e\000\040\000t\000i\000p\000\040\000o\000f\000\040\000t\000h\000e\000\040\000r\000o\000b\000o\000t}{subsection.17.3}% 138
\BOOKMARK [3][-]{subsubsection.17.3.3}{\376\377\000e\000x\000:\000\040\000W\000r\000i\000t\000e\000\040\000t\000h\000e\000\040\000r\000e\000l\000a\000t\000i\000o\000n\000\040\000b\000e\000t\000w\000e\000e\000n\000\040\000p\000\040\000a\000n\000\040\000q\000\040\000g\000i\000v\000e\000n\000\040\000t\000h\000e\000\040\000m\000o\000d\000e\000l\000\040\000d\000y\000n\000a\000m\000i\000c\000s\000\040\000i\000n\000\040\000j\000o\000i\000n\000t\000\040\000s\000p\000a\000c\000e}{subsection.17.3}% 139
\BOOKMARK [3][-]{subsubsection.17.3.4}{\376\377\000e\000x\000:\000\040\000D\000e\000s\000i\000g\000n\000\040\000a\000n\000\040\000i\000m\000p\000e\000d\000a\000n\000c\000e\000\040\000c\000o\000n\000t\000r\000o\000l\000\040\000l\000a\000w\000\040\000f\000o\000r\000\040\000a\000\040\000r\000o\000b\000o\000t}{subsection.17.3}% 140
\BOOKMARK [3][-]{subsubsection.17.3.5}{\376\377\000e\000x\000:\000\040\000F\000i\000n\000d\000\040\000t\000h\000e\000\040\000e\000q\000u\000i\000l\000i\000b\000r\000i\000u\000m\000\040\000p\000o\000i\000n\000t\000\040\000f\000o\000r\000\040\000i\000m\000p\000e\000d\000a\000n\000c\000e\000\040\000c\000o\000n\000t\000r\000o\000l}{subsection.17.3}% 141
\BOOKMARK [1][-]{section.18}{\376\377\000H\000y\000b\000r\000i\000d\000\040\000c\000o\000n\000t\000r\000o\000l}{}% 142
\BOOKMARK [2][-]{subsection.18.1}{\376\377\000N\000a\000t\000u\000r\000a\000l\000\040\000a\000n\000d\000\040\000a\000r\000t\000i\000f\000i\000c\000i\000a\000l\000\040\000c\000o\000n\000s\000t\000r\000a\000i\000n\000t\000s}{section.18}% 143
\BOOKMARK [3][-]{subsubsection.18.1.1}{\376\377\000N\000a\000t\000u\000r\000a\000l\000\040\000c\000o\000n\000s\000t\000r\000a\000i\000n\000t\000s}{subsection.18.1}% 144
\BOOKMARK [3][-]{subsubsection.18.1.2}{\376\377\000A\000r\000t\000i\000f\000i\000c\000i\000a\000l\000\040\000c\000o\000n\000s\000t\000r\000a\000i\000n\000t\000s}{subsection.18.1}% 145
\BOOKMARK [2][-]{subsection.18.2}{\376\377\000H\000y\000b\000r\000i\000d\000\040\000f\000o\000r\000c\000e\000/\000v\000e\000l\000o\000c\000i\000t\000y\000\040\000c\000o\000n\000t\000r\000o\000l}{section.18}% 146
\BOOKMARK [2][-]{subsection.18.3}{\376\377\000F\000o\000r\000c\000e\000\040\000c\000o\000n\000t\000r\000o\000l\000\040\000v\000i\000a\000\040\000i\000m\000p\000e\000d\000a\000n\000c\000e\000\040\000m\000o\000d\000e\000l}{section.18}% 147
\BOOKMARK [3][-]{subsubsection.18.3.1}{\376\377\000S\000o\000u\000r\000c\000e\000s\000\040\000o\000f\000\040\000i\000n\000c\000o\000n\000s\000i\000s\000t\000e\000n\000c\000y}{subsection.18.3}% 148
\BOOKMARK [2][-]{subsection.18.4}{\376\377\000E\000s\000t\000i\000m\000a\000t\000i\000o\000n\000\040\000o\000f\000\040\000u\000n\000k\000n\000o\000w\000n\000\040\000s\000u\000r\000f\000a\000c\000e}{section.18}% 149
\BOOKMARK [3][-]{subsubsection.18.4.1}{\376\377\000e\000x\000:\000\040\000D\000e\000s\000i\000g\000n\000\040\000t\000h\000e\000\040\000n\000a\000t\000u\000r\000a\000l\000\040\000a\000n\000d\000\040\000a\000r\000t\000i\000f\000i\000c\000i\000a\000l\000\040\000c\000o\000n\000s\000t\000r\000a\000i\000n\000t\000s\000\040\000f\000o\000r\000\040\000a\000\040\000h\000y\000b\000r\000i\000d\000\040\000c\000o\000n\000t\000r\000o\000l\000\040\000l\000a\000w\000.\000\040\000H\000o\000w\000\040\000m\000a\000n\000y\000\040\000c\000o\000n\000t\000r\000o\000l\000\040\000l\000o\000o\000p\000s\000?\000\040\000H\000o\000w\000\040\000m\000a\000n\000y\000\040\000d\000e\000g\000r\000e\000s\000\040\000o\000f\000\040\000f\000r\000e\000e\000d\000o\000m\000\040\000a\000r\000e\000\040\000n\000e\000e\000d\000e\000d\000?}{subsection.18.4}% 150
\BOOKMARK [3][-]{subsubsection.18.4.2}{\376\377\000e\000x\000:\000\040\000D\000e\000s\000i\000g\000n\000\040\000a\000\040\000h\000y\000b\000r\000i\000d\000\040\000c\000o\000n\000t\000r\000o\000l\000\040\000l\000a\000w\000\040\000f\000o\000r\000\040\000a\000\040\000r\000o\000b\000o\000t}{subsection.18.4}% 151
\BOOKMARK [1][-]{section.19}{\376\377\000V\000i\000s\000u\000a\000l\000\040\000s\000e\000r\000v\000o\000i\000n\000g}{}% 152
\BOOKMARK [2][-]{subsection.19.1}{\376\377\000C\000a\000m\000e\000r\000a\000\040\000M\000o\000d\000e\000l}{section.19}% 153
\BOOKMARK [3][-]{subsubsection.19.1.1}{\376\377\000T\000h\000i\000n\000\040\000l\000e\000n\000s\000\040\000c\000a\000m\000e\000r\000a\000\040\000m\000o\000d\000e\000l}{subsection.19.1}% 154
\BOOKMARK [3][-]{subsubsection.19.1.2}{\376\377\000P\000i\000n\000h\000o\000l\000e\000\040\000c\000a\000m\000e\000r\000a\000\040\000m\000o\000d\000e\000l}{subsection.19.1}% 155
\BOOKMARK [3][-]{subsubsection.19.1.3}{\376\377\000I\000n\000t\000e\000r\000a\000c\000t\000i\000o\000n\000\040\000m\000a\000t\000r\000i\000x}{subsection.19.1}% 156
\BOOKMARK [3][-]{subsubsection.19.1.4}{\376\377\000O\000t\000h\000e\000r\000\040\000i\000n\000t\000e\000r\000a\000c\000t\000i\000o\000n\000\040\000m\000a\000t\000r\000i\000c\000e\000s}{subsection.19.1}% 157
\BOOKMARK [2][-]{subsection.19.2}{\376\377\000R\000o\000b\000o\000t\000\040\000D\000i\000f\000f\000e\000r\000e\000n\000t\000i\000a\000l\000\040\000K\000i\000n\000e\000m\000a\000t\000i\000c\000s}{section.19}% 158
\BOOKMARK [3][-]{subsubsection.19.2.1}{\376\377\000C\000o\000n\000t\000r\000o\000l\000\040\000W\000i\000t\000h\000\040\000T\000a\000s\000k\000\040\000S\000e\000q\000u\000e\000n\000c\000i\000n\000g}{subsection.19.2}% 159
\BOOKMARK [1][-]{section.20}{\376\377\000A\000c\000t\000u\000a\000t\000i\000o\000n\000\040\000F\000a\000u\000l\000t\000s}{}% 160
\BOOKMARK [2][-]{subsection.20.1}{\376\377\000F\000a\000u\000l\000t\000\040\000T\000y\000p\000e\000s}{section.20}% 161
\BOOKMARK [2][-]{subsection.20.2}{\376\377\000G\000e\000n\000e\000r\000a\000l\000i\000z\000e\000d\000\040\000M\000o\000m\000e\000n\000t\000u\000m}{section.20}% 162
\BOOKMARK [2][-]{subsection.20.3}{\376\377\000F\000D\000I\000\040\000s\000o\000l\000u\000t\000i\000o\000n}{section.20}% 163
\BOOKMARK [3][-]{subsubsection.20.3.1}{\376\377\000R\000e\000s\000i\000d\000u\000a\000l\000\040\000g\000e\000n\000e\000r\000a\000t\000o\000r}{subsection.20.3}% 164
\BOOKMARK [3][-]{subsubsection.20.3.2}{\376\377\000e\000x\000:\000\040\000D\000e\000s\000i\000g\000n\000\040\000a\000\040\000r\000e\000s\000i\000d\000u\000a\000l\000\040\000f\000u\000n\000c\000t\000i\000o\000n\000\040\000r\000i\000\040\000f\000o\000r\000\040\000a\000\040\000f\000a\000u\000l\000t\000\040\000u\000i}{subsection.20.3}% 165
\BOOKMARK [3][-]{subsubsection.20.3.3}{\376\377\000e\000x\000:\000\040\000G\000i\000v\000e\000\040\000t\000h\000e\000\040\000e\000x\000p\000r\000e\000s\000s\000i\000o\000n\000s\000\040\000o\000f\000\040\000t\000h\000e\000\040\000t\000e\000r\000m\000s\000\040\000a\000p\000p\000e\000a\000r\000i\000n\000g\000\040\000i\000n\000\040\000t\000h\000e\000\040\000d\000e\000f\000i\000n\000i\000t\000i\000o\000n\000\040\000o\000f\000\040\000t\000h\000e\000\040\000r\000e\000s\000i\000d\000u\000a\000l\000\040\000v\000e\000c\000t\000o\000r\000\040\000r\000\040\000t\000h\000a\000t\000\040\000a\000l\000l\000o\000w\000s\000\040\000d\000e\000t\000e\000c\000t\000i\000o\000n\000\040\000a\000n\000d\000\040\000i\000s\000o\000l\000a\000t\000i\000o\000n\000\040\000o\000f\000\040\000c\000o\000l\000l\000i\000s\000i\000o\000n\000s\000.\000\040}{subsection.20.3}% 166
\BOOKMARK [3][-]{subsubsection.20.3.4}{\376\377\000e\000x\000:\000\040\000D\000e\000t\000e\000c\000t\000\040\000a\000\040\000c\000o\000l\000l\000i\000s\000i\000o\000n\000\040\000t\000h\000r\000o\000u\000g\000h\000\040\000t\000h\000e\000\040\000e\000n\000e\000r\000g\000y\000-\000b\000a\000s\000e\000d\000\040\000a\000n\000d\000\040\000m\000o\000m\000e\000n\000t\000u\000m\000-\000b\000a\000s\000e\000d\000\040\000m\000e\000t\000h\000o\000d\000s}{subsection.20.3}% 167
\BOOKMARK [1][-]{section.21}{\376\377\000E\000x\000t\000r\000a\000\040\000e\000x\000e\000r\000c\000i\000s\000e\000s}{}% 168
\BOOKMARK [2][-]{subsubsection.21.0.1}{\376\377\000e\000x\000:\000\040\000U\000n\000i\000f\000o\000r\000m\000\040\000t\000i\000m\000e\000\040\000s\000c\000a\000l\000i\000n\000g}{section.21}% 169
\BOOKMARK [3][-]{subsubsection.21.0.2}{\376\377\000e\000x\000:\000\040\000F\000i\000n\000d\000\040\000q\000\040\000v\000a\000l\000u\000e\000\040\000t\000h\000a\000t\000\040\000c\000a\000u\000s\000e\000s\000\040\000a\000l\000g\000o\000r\000i\000t\000h\000m\000i\000c\000\040\000s\000i\000n\000g\000u\000l\000a\000r\000i\000t\000y}{subsubsection.21.0.1}% 170
\BOOKMARK [3][-]{subsubsection.21.0.3}{\376\377\000e\000x\000:\000\040\000C\000h\000e\000c\000k\000\040\000i\000f\000\040\000t\000w\000o\000\040\000t\000a\000s\000k\000s\000\040\000a\000r\000e\000\040\000i\000n\000\040\000c\000o\000n\000f\000l\000i\000c\000t}{subsubsection.21.0.1}% 171
\BOOKMARK [3][-]{subsubsection.21.0.4}{\376\377\000e\000x\000:\000\040\000F\000i\000n\000d\000\040\000t\000h\000e\000\040\000m\000i\000n\000i\000m\000u\000m\000\040\000t\000i\000m\000e\000\040\000o\000f\000\040\000e\000x\000e\000c\000u\000t\000i\000o\000n\000\040\000o\000f\000\040\000a\000\040\000t\000r\000a\000j\000e\000c\000t\000o\000r\000y\000\040\000f\000o\000r\000\040\000a\000\040\000s\000i\000n\000g\000l\000e\000\040\000l\000i\000n\000k}{subsubsection.21.0.1}% 172
\BOOKMARK [3][-]{subsubsection.21.0.5}{\376\377\000e\000x\000:\000\040\000F\000i\000n\000d\000\040\000t\000h\000e\000\040\000d\000y\000n\000a\000m\000i\000c\000\040\000m\000o\000d\000e\000l\000\040\000o\000f\000\040\000a\000\040\000s\000y\000s\000t\000e\000m\000\040\000o\000f\000\040\000m\000a\000s\000s\000e\000s\000\040\000s\000p\000r\000i\000n\000g\000\040\000a\000n\000d\000\040\000d\000a\000m\000p\000e\000r\000s}{subsubsection.21.0.1}% 173
\BOOKMARK [3][-]{subsubsection.21.0.6}{\376\377\000e\000x\000:\000\040\000F\000i\000n\000d\000\040\000t\000h\000e\000\040\000t\000o\000r\000q\000u\000e\000\040\000\040\000t\000h\000a\000t\000\040\000r\000e\000a\000l\000i\000z\000e\000s\000\040\000g\000i\000v\000e\000n\000\040\000o\000b\000j\000e\000c\000t\000i\000v\000e\000s}{subsubsection.21.0.1}% 174
\BOOKMARK [1][-]{section.22}{\376\377\000A\000P\000P\000E\000N\000D\000I\000X}{}% 175
\BOOKMARK [2][-]{subsection.22.1}{\376\377\000P\000s\000e\000u\000d\000o\000-\000i\000n\000v\000e\000r\000s\000e\000\040\000p\000r\000o\000p\000e\000r\000t\000i\000e\000s}{section.22}% 176
\BOOKMARK [2][-]{subsection.22.2}{\376\377\000W\000e\000i\000g\000h\000t\000e\000d\000\040\000p\000s\000e\000u\000d\000o\000-\000i\000n\000v\000e\000r\000s\000e\000\040\000p\000r\000o\000p\000e\000r\000t\000i\000e\000s}{section.22}% 177
\BOOKMARK [2][-]{subsection.22.3}{\376\377\000D\000H\000\040\000f\000r\000a\000m\000e\000s}{section.22}% 178
\BOOKMARK [3][-]{subsubsection.22.3.1}{\376\377\000A\000s\000s\000i\000g\000n\000\040\000a\000x\000i\000s}{subsection.22.3}% 179
\BOOKMARK [3][-]{subsubsection.22.3.2}{\376\377\000D\000H\000\040\000t\000a\000b\000l\000e}{subsection.22.3}% 180
\BOOKMARK [2][-]{subsection.22.4}{\376\377\000T\000r\000a\000j\000e\000c\000t\000o\000r\000i\000e\000s}{section.22}% 181
\BOOKMARK [3][-]{subsubsection.22.4.1}{\376\377\000C\000u\000b\000i\000c\000\040\000P\000o\000l\000y\000n\000o\000m\000i\000a\000l}{subsection.22.4}% 182
\BOOKMARK [3][-]{subsubsection.22.4.2}{\376\377\000Q\000u\000i\000n\000t\000i\000c\000\040\000P\000o\000l\000y\000n\000o\000m\000i\000a\000l}{subsection.22.4}% 183
\BOOKMARK [2][-]{subsection.22.5}{\376\377\000N\000o\000n\000-\000s\000m\000o\000o\000t\000h\000\040\000t\000r\000a\000j\000e\000c\000t\000o\000r\000i\000e\000s}{section.22}% 184
\BOOKMARK [3][-]{subsubsection.22.5.1}{\376\377\000B\000a\000n\000g\000-\000B\000a\000n\000g\000\040\000T\000r\000a\000j\000e\000c\000t\000o\000r\000y}{subsection.22.5}% 185
\BOOKMARK [3][-]{subsubsection.22.5.2}{\376\377\000e\000x\000:\000\040\000F\000i\000n\000d\000i\000n\000g\000\040\000m\000i\000n\000i\000m\000u\000m\000\040\000t\000i\000m\000e}{subsection.22.5}% 186
\BOOKMARK [3][-]{subsubsection.22.5.3}{\376\377\000B\000a\000n\000g\000-\000C\000o\000a\000s\000t\000-\000B\000a\000n\000g\000\040\000T\000r\000a\000j\000e\000c\000t\000o\000r\000y}{subsection.22.5}% 187
\BOOKMARK [3][-]{subsubsection.22.5.4}{\376\377\000e\000x\000:\000\040\000F\000i\000n\000d\000i\000n\000g\000\040\000t\000s\000\040\000a\000n\000d\000\040\000t\000c}{subsection.22.5}% 188
\BOOKMARK [3][-]{subsubsection.22.5.5}{\376\377\000e\000x\000:\000\040\000F\000i\000n\000d\000i\000n\000g\000\040\000m\000i\000n\000i\000m\000u\000m\000\040\000t\000i\000m\000e}{subsection.22.5}% 189
\BOOKMARK [2][-]{subsection.22.6}{\376\377\000E\000n\000e\000r\000g\000y}{section.22}% 190
\BOOKMARK [3][-]{subsubsection.22.6.1}{\376\377\000K\000i\000n\000e\000t\000i\000c\000\040\000e\000n\000e\000r\000g\000y}{subsection.22.6}% 191
\BOOKMARK [3][-]{subsubsection.22.6.2}{\376\377\000P\000o\000t\000e\000n\000t\000i\000a\000l\000\040\000e\000n\000e\000r\000g\000y}{subsection.22.6}% 192
\BOOKMARK [2][-]{subsection.22.7}{\376\377\000L\000a\000p\000l\000a\000c\000e\000\040\000s\000t\000a\000b\000i\000l\000i\000t\000y}{section.22}% 193
\BOOKMARK [3][-]{subsubsection.22.7.1}{\376\377\000T\000r\000a\000n\000s\000f\000e\000r\000\040\000f\000u\000n\000c\000t\000i\000o\000n}{subsection.22.7}% 194
\BOOKMARK [3][-]{subsubsection.22.7.2}{\376\377\000P\000o\000l\000e\000s}{subsection.22.7}% 195
\BOOKMARK [2][-]{subsection.22.8}{\376\377\000R\000o\000u\000t\000h\000\040\000H\000u\000r\000w\000i\000t\000z\000\040\000c\000r\000i\000t\000e\000r\000i\000o\000n}{section.22}% 196
\BOOKMARK [1][-]{section.23}{\376\377\000G\000L\000O\000S\000S\000A\000R\000Y}{}% 197
